app/build/outputs/logs/manifest-merger-debug-report.txt
-- Merging decision tree log ---
manifest
ADDED from src\main\AndroidManifest.xml:2:1-41:12
	package
		ADDED from src\main\AndroidManifest.xml:3:7-25
		INJECTED from src\main\AndroidManifest.xml
		INJECTED from src\main\AndroidManifest.xml
	android:versionName
		ADDED from src\main\AndroidManifest.xml:3:50-75
		INJECTED from src\main\AndroidManifest.xml
		INJECTED from src\main\AndroidManifest.xml
	android:versionCode
		ADDED from src\main\AndroidManifest.xml:3:26-49
		INJECTED from src\main\AndroidManifest.xml
		INJECTED from src\main\AndroidManifest.xml
	xmlns:android
		ADDED from src\main\AndroidManifest.xml:2:11-69
application
ADDED from src\main\AndroidManifest.xml:4:5-39:18
	android:label
		ADDED from src\main\AndroidManifest.xml:4:48-80
	android:icon
		ADDED from src\main\AndroidManifest.xml:4:18-47
provider#andy.ham.LifeDiaryContentProvider
ADDED from src\main\AndroidManifest.xml:5:6-6:58
	android:authorities
		ADDED from src\main\AndroidManifest.xml:6:4-55
	android:name
		ADDED from src\main\AndroidManifest.xml:5:16-55
activity#com.jcodecraeer.linkedviewpager.UserGuideActivity
ADDED from src\main\AndroidManifest.xml:10:7-16:15
	android:label
		ADDED from src\main\AndroidManifest.xml:11:11-52
	android:name
		ADDED from src\main\AndroidManifest.xml:10:17-81
intent-filter#android.intent.action.MAIN+android.intent.category.LAUNCHER
ADDED from src\main\AndroidManifest.xml:12:11-15:26
action#android.intent.action.MAIN
ADDED from src\main\AndroidManifest.xml:13:14-66
	android:name
		ADDED from src\main\AndroidManifest.xml:13:22-63
category#android.intent.category.LAUNCHER
ADDED from src\main\AndroidManifest.xml:14:14-74
	android:name
		ADDED from src\main\AndroidManifest.xml:14:24-71
activity#andy.ham.LifeDiary
ADDED from src\main\AndroidManifest.xml:17:3-50
	android:name
		ADDED from src\main\AndroidManifest.xml:17:13-38
activity#andy.ham.DiaryEditor
ADDED from src\main\AndroidManifest.xml:18:3-38:14
	android:label
		ADDED from src\main\AndroidManifest.xml:20:4-39
	android:theme
		ADDED from src\main\AndroidManifest.xml:19:4-46
	android:name
		ADDED from src\main\AndroidManifest.xml:18:13-39
intent-filter#android.intent.category.DEFAULT+andy.ham.DiaryEditor.EDIT_DIARY
ADDED from src\main\AndroidManifest.xml:22:4-28:20
action#andy.ham.DiaryEditor.EDIT_DIARY
ADDED from src\main\AndroidManifest.xml:23:5-62
	android:name
		ADDED from src\main\AndroidManifest.xml:23:13-59
category#android.intent.category.DEFAULT
ADDED from src\main\AndroidManifest.xml:24:5-25:55
	android:name
		ADDED from src\main\AndroidManifest.xml:25:6-52
data
ADDED from src\main\AndroidManifest.xml:26:5-27:68
	android:mimeType
		ADDED from src\main\AndroidManifest.xml:27:6-65
intent-filter#android.intent.category.DEFAULT+andy.ham.DiaryEditor.action.INSERT_DIARY
ADDED from src\main\AndroidManifest.xml:31:4-37:20
action#andy.ham.DiaryEditor.action.INSERT_DIARY
ADDED from src\main\AndroidManifest.xml:32:5-71
	android:name
		ADDED from src\main\AndroidManifest.xml:32:13-68
uses-sdk
ADDED from src\main\AndroidManifest.xml:40:5-43
	android:targetSdkVersion
		INJECTED from src\main\AndroidManifest.xml
		INJECTED from src\main\AndroidManifest.xml
	android:minSdkVersion
		ADDED from src\main\AndroidManifest.xml:40:15-40
		INJECTED from src\main\AndroidManifest.xml
		INJECTED from src\main\AndroidManifest.xml